<?xml version="1.0" encoding="UTF-8"?>
<robot generator="Robot 3.2.1 (Python 3.7.9 on win32)" generated="20210709 13:13:50.751" rpa="false">
<suite id="s1" name="Testcases" source="C:\Users\hieuld\Desktop\RobotPractice\testcases">
<suite id="s1-s1" name="Pdp Page" source="C:\Users\hieuld\Desktop\RobotPractice\testcases\pdp_page">
<suite id="s1-s1-s1" name="Filters" source="C:\Users\hieuld\Desktop\RobotPractice\testcases\pdp_page\filters.robot">
<test id="s1-s1-s1-t1" name="Add products then checking shopping cart">
<kw name="Open browser to page" library="common_web_keywords">
<arguments>
<arg>${pwb_url}/${language}</arg>
</arguments>
<kw name="Evaluate" library="BuiltIn">
<doc>Evaluates the given expression in Python and returns the result.</doc>
<arguments>
<arg>sys.modules['selenium.webdriver'].ChromeOptions()</arg>
<arg>sys</arg>
</arguments>
<assign>
<var>${options}</var>
</assign>
<msg timestamp="20210709 13:13:51.264" level="INFO">${options} = &lt;selenium.webdriver.chrome.options.Options object at 0x0000015929F69A48&gt;</msg>
<status status="PASS" starttime="20210709 13:13:51.263" endtime="20210709 13:13:51.264"></status>
</kw>
<kw name="Create Dictionary" library="BuiltIn">
<doc>Creates and returns a dictionary based on the given ``items``.</doc>
<arguments>
<arg>"fasp"=True</arg>
</arguments>
<assign>
<var>${exclude}</var>
</assign>
<msg timestamp="20210709 13:13:51.264" level="INFO">${exclude} = {'"fasp"': 'True'}</msg>
<status status="PASS" starttime="20210709 13:13:51.264" endtime="20210709 13:13:51.264"></status>
</kw>
<kw name="Create Dictionary" library="BuiltIn">
<doc>Creates and returns a dictionary based on the given ``items``.</doc>
<arguments>
<arg>protocol_handler.excluded_schemes=${exclude}</arg>
</arguments>
<assign>
<var>${prefs}</var>
</assign>
<msg timestamp="20210709 13:13:51.264" level="INFO">${prefs} = {'protocol_handler.excluded_schemes': {'"fasp"': 'True'}}</msg>
<status status="PASS" starttime="20210709 13:13:51.264" endtime="20210709 13:13:51.264"></status>
</kw>
<kw name="Call Method" library="BuiltIn">
<doc>Calls the named method of the given object with the provided arguments.</doc>
<arguments>
<arg>${options}</arg>
<arg>add_argument</arg>
<arg>--disable-infobars</arg>
</arguments>
<status status="PASS" starttime="20210709 13:13:51.265" endtime="20210709 13:13:51.265"></status>
</kw>
<kw name="Call Method" library="BuiltIn">
<doc>Calls the named method of the given object with the provided arguments.</doc>
<arguments>
<arg>${options}</arg>
<arg>add_argument</arg>
<arg>--disable-gpu</arg>
</arguments>
<status status="PASS" starttime="20210709 13:13:51.265" endtime="20210709 13:13:51.265"></status>
</kw>
<kw name="Call Method" library="BuiltIn">
<doc>Calls the named method of the given object with the provided arguments.</doc>
<arguments>
<arg>${options}</arg>
<arg>add_argument</arg>
<arg>--no-sandbox</arg>
</arguments>
<status status="PASS" starttime="20210709 13:13:51.265" endtime="20210709 13:13:51.265"></status>
</kw>
<kw name="Call Method" library="BuiltIn">
<doc>Calls the named method of the given object with the provided arguments.</doc>
<arguments>
<arg>${options}</arg>
<arg>add_argument</arg>
<arg>--disable-popup-blocking</arg>
</arguments>
<status status="PASS" starttime="20210709 13:13:51.265" endtime="20210709 13:13:51.266"></status>
</kw>
<kw name="Call Method" library="BuiltIn">
<doc>Calls the named method of the given object with the provided arguments.</doc>
<arguments>
<arg>${options}</arg>
<arg>add_argument</arg>
<arg>--disable-notifications</arg>
</arguments>
<status status="PASS" starttime="20210709 13:13:51.266" endtime="20210709 13:13:51.266"></status>
</kw>
<kw name="Call Method" library="BuiltIn">
<doc>Calls the named method of the given object with the provided arguments.</doc>
<arguments>
<arg>${options}</arg>
<arg>add_experimental_option</arg>
<arg>prefs</arg>
<arg>${prefs}</arg>
</arguments>
<status status="PASS" starttime="20210709 13:13:51.266" endtime="20210709 13:13:51.266"></status>
</kw>
<kw name="Create Webdriver" library="SeleniumLibrary">
<doc>Creates an instance of Selenium WebDriver.</doc>
<arguments>
<arg>Chrome</arg>
<arg>chrome_options=${options}</arg>
</arguments>
<msg timestamp="20210709 13:13:51.266" level="INFO">Creating an instance of the Chrome WebDriver.</msg>
<status status="PASS" starttime="20210709 13:13:51.266" endtime="20210709 13:13:52.455"></status>
</kw>
<kw name="Maximize Browser Window" library="SeleniumLibrary">
<doc>Maximizes current browser window.</doc>
<status status="PASS" starttime="20210709 13:13:52.455" endtime="20210709 13:13:52.590"></status>
</kw>
<kw name="Set Selenium Speed" library="SeleniumLibrary">
<doc>Sets the delay that is waited after each Selenium command.</doc>
<arguments>
<arg>${speed}</arg>
</arguments>
<status status="PASS" starttime="20210709 13:13:52.591" endtime="20210709 13:13:52.592"></status>
</kw>
<kw name="Go To" library="SeleniumLibrary">
<doc>Navigates the current browser window to the provided ``url``.</doc>
<arguments>
<arg>${url}</arg>
</arguments>
<msg timestamp="20210709 13:13:52.593" level="INFO">Opening url 'https://www.powerbuy.co.th/th'</msg>
<status status="PASS" starttime="20210709 13:13:52.592" endtime="20210709 13:14:15.745"></status>
</kw>
<status status="PASS" starttime="20210709 13:13:51.263" endtime="20210709 13:14:15.745"></status>
</kw>
<kw name="Search and add product to cart" library="common_web_keywords">
<arguments>
<arg>${search_field}</arg>
<arg>${filter1}</arg>
</arguments>
<assign>
<var>${product_sku_1}</var>
</assign>
<kw name="Search products by name and specification" library="search_page">
<arguments>
<arg>${search_field}</arg>
<arg>${size}</arg>
</arguments>
<kw name="Search desired product by name" library="common_web_keywords">
<arguments>
<arg>${name}</arg>
</arguments>
<kw name="Verify Web Element Is Visible" library="common_web_keywords">
<arguments>
<arg>${dict_common_page.search_input_box}</arg>
</arguments>
<kw name="Wait Until Page Contains Element" library="SeleniumLibrary">
<doc>Waits until the element ``locator`` appears on the current page.</doc>
<arguments>
<arg>${locator}</arg>
<arg>timeout=${GLOBALTIMEOUT}</arg>
</arguments>
<status status="PASS" starttime="20210709 13:14:15.748" endtime="20210709 13:14:16.027"></status>
</kw>
<kw name="Wait Until Element Is Visible" library="SeleniumLibrary">
<doc>Waits until the element ``locator`` is visible.</doc>
<arguments>
<arg>${locator}</arg>
<arg>timeout=${GLOBALTIMEOUT}</arg>
</arguments>
<status status="PASS" starttime="20210709 13:14:16.027" endtime="20210709 13:14:16.437"></status>
</kw>
<status status="PASS" starttime="20210709 13:14:15.748" endtime="20210709 13:14:16.437"></status>
</kw>
<kw name="Input Text" library="SeleniumLibrary">
<doc>Types the given ``text`` into the text field identified by ``locator``.</doc>
<arguments>
<arg>${dict_common_page.search_input_box}</arg>
<arg>${name}</arg>
</arguments>
<msg timestamp="20210709 13:14:16.438" level="INFO">Typing text 'TV' into text field 'xpath=(//input[@id='txt-searchBox-input'])[1]'.</msg>
<status status="PASS" starttime="20210709 13:14:16.437" endtime="20210709 13:14:17.033"></status>
</kw>
<kw name="Click Element" library="common_web_keywords">
<arguments>
<arg>${dict_common_page.search_button}</arg>
</arguments>
<kw name="Wait Until Element Is Visible" library="SeleniumLibrary">
<doc>Waits until the element ``locator`` is visible.</doc>
<arguments>
<arg>${locator}</arg>
<arg>timeout=${timeout}</arg>
</arguments>
<status status="PASS" starttime="20210709 13:14:17.034" endtime="20210709 13:14:17.398"></status>
</kw>
<kw name="Click Element" library="SeleniumLibrary">
<doc>Click the element identified by ``locator``.</doc>
<arguments>
<arg>${locator}</arg>
</arguments>
<msg timestamp="20210709 13:14:17.398" level="INFO">Clicking element 'xpath=(//button[@id='btn-searchBox-input'])[1]'.</msg>
<status status="PASS" starttime="20210709 13:14:17.398" endtime="20210709 13:14:17.964"></status>
</kw>
<status status="PASS" starttime="20210709 13:14:17.033" endtime="20210709 13:14:17.964"></status>
</kw>
<kw name="Sleep" library="BuiltIn">
<doc>Pauses the test executed for the given time.</doc>
<arguments>
<arg>4s</arg>
</arguments>
<msg timestamp="20210709 13:14:21.972" level="INFO">Slept 4 seconds</msg>
<status status="PASS" starttime="20210709 13:14:17.964" endtime="20210709 13:14:21.972"></status>
</kw>
<kw name="Verify Web Element Is Visible" library="common_web_keywords">
<arguments>
<arg>${dict_common_page.prod_tag}</arg>
</arguments>
<kw name="Wait Until Page Contains Element" library="SeleniumLibrary">
<doc>Waits until the element ``locator`` appears on the current page.</doc>
<arguments>
<arg>${locator}</arg>
<arg>timeout=${GLOBALTIMEOUT}</arg>
</arguments>
<status status="PASS" starttime="20210709 13:14:21.973" endtime="20210709 13:14:22.112"></status>
</kw>
<kw name="Wait Until Element Is Visible" library="SeleniumLibrary">
<doc>Waits until the element ``locator`` is visible.</doc>
<arguments>
<arg>${locator}</arg>
<arg>timeout=${GLOBALTIMEOUT}</arg>
</arguments>
<status status="PASS" starttime="20210709 13:14:22.112" endtime="20210709 13:14:22.361"></status>
</kw>
<status status="PASS" starttime="20210709 13:14:21.972" endtime="20210709 13:14:22.361"></status>
</kw>
<kw name="Format String" library="String">
<doc>Formats a ``template`` using the given ``positional`` and ``named`` arguments.</doc>
<arguments>
<arg>${result_text}</arg>
<arg>text=${name}</arg>
</arguments>
<assign>
<var>${expected_text}</var>
</assign>
<msg timestamp="20210709 13:14:22.362" level="INFO">${expected_text} = ผลการค้นหาสำหรับ "TV"</msg>
<status status="PASS" starttime="20210709 13:14:22.361" endtime="20210709 13:14:22.362"></status>
</kw>
<kw name="Get text and compare value" library="common_web_keywords">
<arguments>
<arg>${dict_common_page.search_result_text}</arg>
<arg>${expected_text}</arg>
</arguments>
<assign>
<var>${result}</var>
</assign>
<kw name="Get Text Element" library="common_web_keywords">
<arguments>
<arg>${locator}</arg>
</arguments>
<assign>
<var>${text}</var>
</assign>
<kw name="Wait Until Element Is Visible" library="SeleniumLibrary">
<doc>Waits until the element ``locator`` is visible.</doc>
<arguments>
<arg>${locator}</arg>
<arg>timeout=${timeout}</arg>
</arguments>
<status status="PASS" starttime="20210709 13:14:22.363" endtime="20210709 13:14:22.610"></status>
</kw>
<kw name="Get Text" library="SeleniumLibrary">
<doc>Returns the text value of the element identified by ``locator``.</doc>
<arguments>
<arg>${locator}</arg>
</arguments>
<assign>
<var>${text}</var>
</assign>
<msg timestamp="20210709 13:14:22.875" level="INFO">${text} = ผลการค้นหาสำหรับ "TV"</msg>
<status status="PASS" starttime="20210709 13:14:22.610" endtime="20210709 13:14:22.875"></status>
</kw>
<kw name="Return From Keyword" library="BuiltIn">
<doc>Returns from the enclosing user keyword.</doc>
<arguments>
<arg>${text}</arg>
</arguments>
<msg timestamp="20210709 13:14:22.875" level="INFO">Returning from the enclosing user keyword.</msg>
<status status="PASS" starttime="20210709 13:14:22.875" endtime="20210709 13:14:22.875"></status>
</kw>
<msg timestamp="20210709 13:14:22.875" level="INFO">${text} = ผลการค้นหาสำหรับ "TV"</msg>
<status status="PASS" starttime="20210709 13:14:22.362" endtime="20210709 13:14:22.875"></status>
</kw>
<kw name="Return From Keyword If" library="BuiltIn">
<doc>Returns from the enclosing user keyword if ``condition`` is true.</doc>
<arguments>
<arg>'${text}' == '${text_value}'</arg>
<arg>${true}</arg>
</arguments>
<msg timestamp="20210709 13:14:22.876" level="INFO">Returning from the enclosing user keyword.</msg>
<status status="PASS" starttime="20210709 13:14:22.876" endtime="20210709 13:14:22.876"></status>
</kw>
<msg timestamp="20210709 13:14:22.876" level="INFO">${result} = True</msg>
<status status="PASS" starttime="20210709 13:14:22.362" endtime="20210709 13:14:22.876"></status>
</kw>
<kw name="Run Keyword If" library="BuiltIn">
<doc>Runs the given keyword with the given arguments, if ``condition`` is true.</doc>
<arguments>
<arg>${result} == ${true}</arg>
<arg>BuiltIn.Log</arg>
<arg>Success to search products by text name</arg>
<arg>ELSE</arg>
<arg>BuiltIn.Fail</arg>
<arg>Fail to search products by text name</arg>
</arguments>
<kw name="Log" library="BuiltIn">
<doc>Logs the given message with the given level.</doc>
<arguments>
<arg>Success to search products by text name</arg>
</arguments>
<msg timestamp="20210709 13:14:22.877" level="INFO">Success to search products by text name</msg>
<status status="PASS" starttime="20210709 13:14:22.877" endtime="20210709 13:14:22.877"></status>
</kw>
<status status="PASS" starttime="20210709 13:14:22.876" endtime="20210709 13:14:22.877"></status>
</kw>
<status status="PASS" starttime="20210709 13:14:15.747" endtime="20210709 13:14:22.877"></status>
</kw>
<kw name="Select filter follow option" library="search_page">
<arguments>
<arg>${specification}</arg>
</arguments>
<kw name="Format String" library="String">
<doc>Formats a ``template`` using the given ``positional`` and ``named`` arguments.</doc>
<arguments>
<arg>${dict_search_page.screen_size_opt}</arg>
<arg>title_name=${screen_size_title}</arg>
</arguments>
<assign>
<var>${screen_size_filter}</var>
</assign>
<msg timestamp="20210709 13:14:22.878" level="INFO">${screen_size_filter} = css=div[title='ช่วงขนาดหน้าจอ (นิ้ว)']</msg>
<status status="PASS" starttime="20210709 13:14:22.877" endtime="20210709 13:14:22.878"></status>
</kw>
<kw name="Format String" library="String">
<doc>Formats a ``template`` using the given ``positional`` and ``named`` arguments.</doc>
<arguments>
<arg>${dict_search_page.opt_size_option}</arg>
<arg>size_inch=${size}</arg>
</arguments>
<assign>
<var>${opt_locator}</var>
</assign>
<msg timestamp="20210709 13:14:22.878" level="INFO">${opt_locator} = xpath=//div[contains(@class,'Padding') and text() = '44 - 55 นิ้ว']//parent::div[contains(@class,'Col__Column')]//parent::div[contains(@class,'Row__Wrapper')]/div[1]/div[contains(@class,'Checkbox')]</msg>
<status status="PASS" starttime="20210709 13:14:22.878" endtime="20210709 13:14:22.878"></status>
</kw>
<kw name="Scroll To Element" library="common_web_keywords">
<arguments>
<arg>${screen_size_filter}</arg>
</arguments>
<kw name="Scroll Element Into View" library="SeleniumLibrary">
<doc>Scrolls the element identified by ``locator`` into view.</doc>
<arguments>
<arg>${locator}</arg>
</arguments>
<status status="PASS" starttime="20210709 13:14:22.878" endtime="20210709 13:14:23.410"></status>
</kw>
<status status="PASS" starttime="20210709 13:14:22.878" endtime="20210709 13:14:23.410"></status>
</kw>
<kw name="Click Element" library="common_web_keywords">
<arguments>
<arg>${opt_locator}</arg>
</arguments>
<kw name="Wait Until Element Is Visible" library="SeleniumLibrary">
<doc>Waits until the element ``locator`` is visible.</doc>
<arguments>
<arg>${locator}</arg>
<arg>timeout=${timeout}</arg>
</arguments>
<status status="PASS" starttime="20210709 13:14:23.411" endtime="20210709 13:14:23.677"></status>
</kw>
<kw name="Click Element" library="SeleniumLibrary">
<doc>Click the element identified by ``locator``.</doc>
<arguments>
<arg>${locator}</arg>
</arguments>
<msg timestamp="20210709 13:14:23.678" level="INFO">Clicking element 'xpath=//div[contains(@class,'Padding') and text() = '44 - 55 นิ้ว']//parent::div[contains(@class,'Col__Column')]//parent::div[contains(@class,'Row__Wrapper')]/div[1]/div[contains(@class,'Checkbox')]'.</msg>
<status status="PASS" starttime="20210709 13:14:23.677" endtime="20210709 13:14:24.261"></status>
</kw>
<status status="PASS" starttime="20210709 13:14:23.410" endtime="20210709 13:14:24.261"></status>
</kw>
<status status="PASS" starttime="20210709 13:14:22.877" endtime="20210709 13:14:24.261"></status>
</kw>
<kw name="Sleep" library="BuiltIn">
<doc>Pauses the test executed for the given time.</doc>
<arguments>
<arg>5s</arg>
</arguments>
<msg timestamp="20210709 13:14:29.265" level="INFO">Slept 5 seconds</msg>
<status status="PASS" starttime="20210709 13:14:24.261" endtime="20210709 13:14:29.265"></status>
</kw>
<status status="PASS" starttime="20210709 13:14:15.747" endtime="20210709 13:14:29.265"></status>
</kw>
<kw name="Click particular product with SKU" library="search_page">
<assign>
<var>${text}</var>
</assign>
<kw name="Get sku from search result" library="search_page">
<assign>
<var>${sku}</var>
</assign>
<kw name="Verify Web Element Is Visible" library="common_web_keywords">
<arguments>
<arg>${dict_search_page.product_container}</arg>
</arguments>
<kw name="Wait Until Page Contains Element" library="SeleniumLibrary">
<doc>Waits until the element ``locator`` appears on the current page.</doc>
<arguments>
<arg>${locator}</arg>
<arg>timeout=${GLOBALTIMEOUT}</arg>
</arguments>
<status status="PASS" starttime="20210709 13:14:29.268" endtime="20210709 13:14:29.422"></status>
</kw>
<kw name="Wait Until Element Is Visible" library="SeleniumLibrary">
<doc>Waits until the element ``locator`` is visible.</doc>
<arguments>
<arg>${locator}</arg>
<arg>timeout=${GLOBALTIMEOUT}</arg>
</arguments>
<status status="PASS" starttime="20210709 13:14:29.423" endtime="20210709 13:14:29.686"></status>
</kw>
<status status="PASS" starttime="20210709 13:14:29.267" endtime="20210709 13:14:29.686"></status>
</kw>
<kw name="Get WebElements" library="SeleniumLibrary">
<doc>Returns a list of WebElement objects matching the ``locator``.</doc>
<arguments>
<arg>${dict_search_page.product_container}</arg>
</arguments>
<assign>
<var>${sku_lst}</var>
</assign>
<msg timestamp="20210709 13:14:29.824" level="INFO">${sku_lst} = [&lt;selenium.webdriver.remote.webelement.WebElement (session="7426acc182bd305be0af4a10572806ee", element="14813121-bbe8-4af2-b817-819db81a6564")&gt;, &lt;selenium.webdriver.remote.webelement.WebElement (sessi...</msg>
<status status="PASS" starttime="20210709 13:14:29.686" endtime="20210709 13:14:29.824"></status>
</kw>
<kw name="Get Element Attribute" library="SeleniumLibrary">
<doc>Returns the value of ``attribute`` from the element ``locator``.</doc>
<arguments>
<arg>${sku_lst}[0]</arg>
<arg>data-productid</arg>
</arguments>
<assign>
<var>${sku}</var>
</assign>
<msg timestamp="20210709 13:14:29.950" level="INFO">${sku} = 259288</msg>
<status status="PASS" starttime="20210709 13:14:29.825" endtime="20210709 13:14:29.950"></status>
</kw>
<msg timestamp="20210709 13:14:29.951" level="INFO">${sku} = 259288</msg>
<status status="PASS" starttime="20210709 13:14:29.266" endtime="20210709 13:14:29.951"></status>
</kw>
<kw name="Format String" library="String">
<doc>Formats a ``template`` using the given ``positional`` and ``named`` arguments.</doc>
<arguments>
<arg>${dict_search_page.target_product}</arg>
<arg>sku=${sku}</arg>
</arguments>
<assign>
<var>${product_name_locator}</var>
</assign>
<msg timestamp="20210709 13:14:29.953" level="INFO">${product_name_locator} = css=div[data-productid='259288']</msg>
<status status="PASS" starttime="20210709 13:14:29.951" endtime="20210709 13:14:29.953"></status>
</kw>
<kw name="Format String" library="String">
<doc>Formats a ``template`` using the given ``positional`` and ``named`` arguments.</doc>
<arguments>
<arg>${dict_search_page.target_product_name}</arg>
<arg>sku=${sku}</arg>
</arguments>
<assign>
<var>${product_name_locator}</var>
</assign>
<msg timestamp="20210709 13:14:29.954" level="INFO">${product_name_locator} = css=div[data-productid='259288'] a:last-child span</msg>
<status status="PASS" starttime="20210709 13:14:29.953" endtime="20210709 13:14:29.954"></status>
</kw>
<kw name="Get Text Element" library="common_web_keywords">
<arguments>
<arg>${product_name_locator}</arg>
</arguments>
<assign>
<var>${name}</var>
</assign>
<kw name="Wait Until Element Is Visible" library="SeleniumLibrary">
<doc>Waits until the element ``locator`` is visible.</doc>
<arguments>
<arg>${locator}</arg>
<arg>timeout=${timeout}</arg>
</arguments>
<status status="PASS" starttime="20210709 13:14:29.956" endtime="20210709 13:14:30.233"></status>
</kw>
<kw name="Get Text" library="SeleniumLibrary">
<doc>Returns the text value of the element identified by ``locator``.</doc>
<arguments>
<arg>${locator}</arg>
</arguments>
<assign>
<var>${text}</var>
</assign>
<msg timestamp="20210709 13:14:30.513" level="INFO">${text} = ทีวี NanoCell 2020 (49",4K,Smart) รุ่น 49NANO80TNA.ATM</msg>
<status status="PASS" starttime="20210709 13:14:30.233" endtime="20210709 13:14:30.513"></status>
</kw>
<kw name="Return From Keyword" library="BuiltIn">
<doc>Returns from the enclosing user keyword.</doc>
<arguments>
<arg>${text}</arg>
</arguments>
<msg timestamp="20210709 13:14:30.514" level="INFO">Returning from the enclosing user keyword.</msg>
<status status="PASS" starttime="20210709 13:14:30.514" endtime="20210709 13:14:30.514"></status>
</kw>
<msg timestamp="20210709 13:14:30.515" level="INFO">${name} = ทีวี NanoCell 2020 (49",4K,Smart) รุ่น 49NANO80TNA.ATM</msg>
<status status="PASS" starttime="20210709 13:14:29.955" endtime="20210709 13:14:30.515"></status>
</kw>
<kw name="Scroll Down And Wait To Get Available Element" library="common_web_keywords">
<arguments>
<arg>${product_name_locator}</arg>
</arguments>
<kw name="Set Variable" library="BuiltIn">
<doc>Returns the given values which can then be assigned to a variables.</doc>
<arguments>
<arg>${11}</arg>
</arguments>
<assign>
<var>${section}</var>
</assign>
<msg timestamp="20210709 13:14:30.517" level="INFO">${section} = 11</msg>
<status status="PASS" starttime="20210709 13:14:30.516" endtime="20210709 13:14:30.517"></status>
</kw>
<kw name="Get Element Size" library="SeleniumLibrary">
<doc>Returns width and height of the element identified by ``locator``.</doc>
<arguments>
<arg>${dict_common_page.entire_page}</arg>
</arguments>
<assign>
<var>${page_height}</var>
</assign>
<msg timestamp="20210709 13:14:30.969" level="INFO">${page_height} = (1903, 7406)</msg>
<status status="PASS" starttime="20210709 13:14:30.518" endtime="20210709 13:14:30.969"></status>
</kw>
<kw name="Set Variable" library="BuiltIn">
<doc>Returns the given values which can then be assigned to a variables.</doc>
<arguments>
<arg>${page_height}[1]</arg>
</arguments>
<assign>
<var>${page_height}</var>
</assign>
<msg timestamp="20210709 13:14:30.970" level="INFO">${page_height} = 7406</msg>
<status status="PASS" starttime="20210709 13:14:30.970" endtime="20210709 13:14:30.971"></status>
</kw>
<kw name="Evaluate" library="BuiltIn">
<doc>Evaluates the given expression in Python and returns the result.</doc>
<arguments>
<arg>'${page_height}/${section}'</arg>
</arguments>
<assign>
<var>${scroll_length}</var>
</assign>
<msg timestamp="20210709 13:14:30.972" level="INFO">${scroll_length} = 7406/11</msg>
<status status="PASS" starttime="20210709 13:14:30.971" endtime="20210709 13:14:30.972"></status>
</kw>
<kw name="${index} IN RANGE [ ${section} ]" type="for">
<kw name="${index} = 0" type="foritem">
<kw name="Execute Javascript" library="SeleniumLibrary">
<doc>Executes the given JavaScript code with possible arguments.</doc>
<arguments>
<arg>window.scrollTo(0,${${scroll_length}*${index}})</arg>
</arguments>
<msg timestamp="20210709 13:14:30.974" level="INFO">Executing JavaScript:
window.scrollTo(0,0.0)
Without any arguments.</msg>
<status status="PASS" starttime="20210709 13:14:30.973" endtime="20210709 13:14:31.094"></status>
</kw>
<kw name="Run Keyword And Return Status" library="BuiltIn">
<doc>Runs the given keyword with given arguments and returns the status as a Boolean value.</doc>
<arguments>
<arg>SeleniumLibrary.Wait Until Element Is Visible</arg>
<arg>${locator}</arg>
<arg>timeout=10</arg>
</arguments>
<assign>
<var>${status}</var>
</assign>
<kw name="Wait Until Element Is Visible" library="SeleniumLibrary">
<doc>Waits until the element ``locator`` is visible.</doc>
<arguments>
<arg>${locator}</arg>
<arg>timeout=10</arg>
</arguments>
<status status="PASS" starttime="20210709 13:14:31.095" endtime="20210709 13:14:31.357"></status>
</kw>
<msg timestamp="20210709 13:14:31.357" level="INFO">${status} = True</msg>
<status status="PASS" starttime="20210709 13:14:31.094" endtime="20210709 13:14:31.358"></status>
</kw>
<kw name="Return From Keyword If" library="BuiltIn">
<doc>Returns from the enclosing user keyword if ``condition`` is true.</doc>
<arguments>
<arg>'${status}' == '${true}'</arg>
</arguments>
<msg timestamp="20210709 13:14:31.359" level="INFO">Returning from the enclosing user keyword.</msg>
<status status="PASS" starttime="20210709 13:14:31.358" endtime="20210709 13:14:31.359"></status>
</kw>
<status status="PASS" starttime="20210709 13:14:30.972" endtime="20210709 13:14:31.359"></status>
</kw>
<status status="PASS" starttime="20210709 13:14:30.972" endtime="20210709 13:14:31.359"></status>
</kw>
<status status="PASS" starttime="20210709 13:14:30.515" endtime="20210709 13:14:31.359"></status>
</kw>
<kw name="Sleep" library="BuiltIn">
<doc>Pauses the test executed for the given time.</doc>
<arguments>
<arg>5s</arg>
</arguments>
<msg timestamp="20210709 13:14:36.361" level="INFO">Slept 5 seconds</msg>
<status status="PASS" starttime="20210709 13:14:31.360" endtime="20210709 13:14:36.361"></status>
</kw>
<kw name="Click Element" library="common_web_keywords">
<arguments>
<arg>${product_name_locator}</arg>
</arguments>
<kw name="Wait Until Element Is Visible" library="SeleniumLibrary">
<doc>Waits until the element ``locator`` is visible.</doc>
<arguments>
<arg>${locator}</arg>
<arg>timeout=${timeout}</arg>
</arguments>
<status status="PASS" starttime="20210709 13:14:36.363" endtime="20210709 13:14:36.639"></status>
</kw>
<kw name="Click Element" library="SeleniumLibrary">
<doc>Click the element identified by ``locator``.</doc>
<arguments>
<arg>${locator}</arg>
</arguments>
<msg timestamp="20210709 13:14:36.640" level="INFO">Clicking element 'css=div[data-productid='259288'] a:last-child span'.</msg>
<status status="PASS" starttime="20210709 13:14:36.639" endtime="20210709 13:14:37.252"></status>
</kw>
<status status="PASS" starttime="20210709 13:14:36.362" endtime="20210709 13:14:37.252"></status>
</kw>
<kw name="Return From Keyword" library="BuiltIn">
<doc>Returns from the enclosing user keyword.</doc>
<arguments>
<arg>${name}</arg>
</arguments>
<msg timestamp="20210709 13:14:37.253" level="INFO">Returning from the enclosing user keyword.</msg>
<status status="PASS" starttime="20210709 13:14:37.253" endtime="20210709 13:14:37.253"></status>
</kw>
<msg timestamp="20210709 13:14:37.254" level="INFO">${text} = ทีวี NanoCell 2020 (49",4K,Smart) รุ่น 49NANO80TNA.ATM</msg>
<status status="PASS" starttime="20210709 13:14:29.266" endtime="20210709 13:14:37.254"></status>
</kw>
<kw name="Close popup" library="common_web_keywords">
<kw name="Run Keyword And Ignore Error" library="BuiltIn">
<doc>Runs the given keyword with the given arguments and ignores possible error.</doc>
<arguments>
<arg>Switch iframe and click</arg>
</arguments>
<kw name="Switch iframe and click" library="common_web_keywords">
<kw name="Verify Web Element Is Visible" library="common_web_keywords">
<arguments>
<arg>${dict_common_page.iframe_target}</arg>
</arguments>
<kw name="Wait Until Page Contains Element" library="SeleniumLibrary">
<doc>Waits until the element ``locator`` appears on the current page.</doc>
<arguments>
<arg>${locator}</arg>
<arg>timeout=${GLOBALTIMEOUT}</arg>
</arguments>
<status status="PASS" starttime="20210709 13:14:37.255" endtime="20210709 13:14:40.727"></status>
</kw>
<kw name="Wait Until Element Is Visible" library="SeleniumLibrary">
<doc>Waits until the element ``locator`` is visible.</doc>
<arguments>
<arg>${locator}</arg>
<arg>timeout=${GLOBALTIMEOUT}</arg>
</arguments>
<status status="PASS" starttime="20210709 13:14:40.727" endtime="20210709 13:14:41.008"></status>
</kw>
<status status="PASS" starttime="20210709 13:14:37.255" endtime="20210709 13:14:41.008"></status>
</kw>
<kw name="Sleep" library="BuiltIn">
<doc>Pauses the test executed for the given time.</doc>
<arguments>
<arg>5s</arg>
</arguments>
<msg timestamp="20210709 13:14:46.020" level="INFO">Slept 5 seconds</msg>
<status status="PASS" starttime="20210709 13:14:41.008" endtime="20210709 13:14:46.020"></status>
</kw>
<kw name="Run Keyword And Ignore Error" library="BuiltIn">
<doc>Runs the given keyword with the given arguments and ignores possible error.</doc>
<arguments>
<arg>SeleniumLibrary.Select frame</arg>
<arg>${dict_common_page.iframe_target}</arg>
</arguments>
<kw name="Select Frame" library="SeleniumLibrary">
<doc>Sets frame identified by ``locator`` as the current frame.</doc>
<arguments>
<arg>${dict_common_page.iframe_target}</arg>
</arguments>
<msg timestamp="20210709 13:14:46.020" level="INFO">Selecting frame 'css=div[classname="sp-fancybox-wrap sp-fancybox-wrap-2405 sp-advanced-css-2405"] iframe[classname="sp-fancybox-iframe sp-fancybox-skin sp-fancybox-iframe-2405"]'.</msg>
<kw name="Capture Page Screenshot" library="SeleniumLibrary">
<doc>Takes a screenshot of the current page and embeds it into a log file.</doc>
<msg timestamp="20210709 13:14:46.416" level="INFO" html="yes">&lt;/td&gt;&lt;/tr&gt;&lt;tr&gt;&lt;td colspan="3"&gt;&lt;a href="selenium-screenshot-23.png"&gt;&lt;img src="selenium-screenshot-23.png" width="800px"&gt;&lt;/a&gt;</msg>
<status status="PASS" starttime="20210709 13:14:46.129" endtime="20210709 13:14:46.417"></status>
</kw>
<msg timestamp="20210709 13:14:46.418" level="FAIL">Element with locator 'css=div[classname="sp-fancybox-wrap sp-fancybox-wrap-2405 sp-advanced-css-2405"] iframe[classname="sp-fancybox-iframe sp-fancybox-skin sp-fancybox-iframe-2405"]' not found.</msg>
<status status="FAIL" starttime="20210709 13:14:46.020" endtime="20210709 13:14:46.418"></status>
</kw>
<status status="PASS" starttime="20210709 13:14:46.020" endtime="20210709 13:14:46.418"></status>
</kw>
<kw name="Run Keyword And Ignore Error" library="BuiltIn">
<doc>Runs the given keyword with the given arguments and ignores possible error.</doc>
<arguments>
<arg>SeleniumLibrary.Select frame</arg>
<arg>${dict_common_page.iframe_target}</arg>
</arguments>
<kw name="Select Frame" library="SeleniumLibrary">
<doc>Sets frame identified by ``locator`` as the current frame.</doc>
<arguments>
<arg>${dict_common_page.iframe_target}</arg>
</arguments>
<msg timestamp="20210709 13:14:46.419" level="INFO">Selecting frame 'css=div[classname="sp-fancybox-wrap sp-fancybox-wrap-2405 sp-advanced-css-2405"] iframe[classname="sp-fancybox-iframe sp-fancybox-skin sp-fancybox-iframe-2405"]'.</msg>
<kw name="Capture Page Screenshot" library="SeleniumLibrary">
<doc>Takes a screenshot of the current page and embeds it into a log file.</doc>
<msg timestamp="20210709 13:14:46.839" level="INFO" html="yes">&lt;/td&gt;&lt;/tr&gt;&lt;tr&gt;&lt;td colspan="3"&gt;&lt;a href="selenium-screenshot-24.png"&gt;&lt;img src="selenium-screenshot-24.png" width="800px"&gt;&lt;/a&gt;</msg>
<status status="PASS" starttime="20210709 13:14:46.538" endtime="20210709 13:14:46.839"></status>
</kw>
<msg timestamp="20210709 13:14:46.840" level="FAIL">Element with locator 'css=div[classname="sp-fancybox-wrap sp-fancybox-wrap-2405 sp-advanced-css-2405"] iframe[classname="sp-fancybox-iframe sp-fancybox-skin sp-fancybox-iframe-2405"]' not found.</msg>
<status status="FAIL" starttime="20210709 13:14:46.419" endtime="20210709 13:14:46.840"></status>
</kw>
<status status="PASS" starttime="20210709 13:14:46.419" endtime="20210709 13:14:46.840"></status>
</kw>
<kw name="Run Keyword And Ignore Error" library="BuiltIn">
<doc>Runs the given keyword with the given arguments and ignores possible error.</doc>
<arguments>
<arg>Click Element</arg>
<arg>${dict_common_page.close_popup_btn}</arg>
</arguments>
<kw name="Click Element" library="common_web_keywords">
<arguments>
<arg>${dict_common_page.close_popup_btn}</arg>
</arguments>
<kw name="Wait Until Element Is Visible" library="SeleniumLibrary">
<doc>Waits until the element ``locator`` is visible.</doc>
<arguments>
<arg>${locator}</arg>
<arg>timeout=${timeout}</arg>
</arguments>
<kw name="Capture Page Screenshot" library="SeleniumLibrary">
<doc>Takes a screenshot of the current page and embeds it into a log file.</doc>
<msg timestamp="20210709 13:15:17.400" level="INFO" html="yes">&lt;/td&gt;&lt;/tr&gt;&lt;tr&gt;&lt;td colspan="3"&gt;&lt;a href="selenium-screenshot-25.png"&gt;&lt;img src="selenium-screenshot-25.png" width="800px"&gt;&lt;/a&gt;</msg>
<status status="PASS" starttime="20210709 13:15:17.011" endtime="20210709 13:15:17.400"></status>
</kw>
<msg timestamp="20210709 13:15:17.405" level="FAIL">Element 'css=#wrap-close-button-1454703945249' not visible after 30 seconds.</msg>
<status status="FAIL" starttime="20210709 13:14:46.841" endtime="20210709 13:15:17.405"></status>
</kw>
<status status="FAIL" starttime="20210709 13:14:46.840" endtime="20210709 13:15:17.406"></status>
</kw>
<status status="PASS" starttime="20210709 13:14:46.840" endtime="20210709 13:15:17.406"></status>
</kw>
<kw name="Run Keyword And Ignore Error" library="BuiltIn">
<doc>Runs the given keyword with the given arguments and ignores possible error.</doc>
<arguments>
<arg>SeleniumLibrary.Click Element At Coordinates</arg>
<arg>${dict_common_page.entire_page}</arg>
<arg>300</arg>
<arg>300</arg>
</arguments>
<kw name="Click Element At Coordinates" library="SeleniumLibrary">
<doc>Click the element ``locator`` at ``xoffset/yoffset``.</doc>
<arguments>
<arg>${dict_common_page.entire_page}</arg>
<arg>300</arg>
<arg>300</arg>
</arguments>
<msg timestamp="20210709 13:15:17.409" level="INFO">Clicking element 'xpath=//body' at coordinates x=300, y=300.</msg>
<status status="PASS" starttime="20210709 13:15:17.408" endtime="20210709 13:15:18.292"></status>
</kw>
<status status="PASS" starttime="20210709 13:15:17.407" endtime="20210709 13:15:18.292"></status>
</kw>
<status status="PASS" starttime="20210709 13:14:37.254" endtime="20210709 13:15:18.293"></status>
</kw>
<status status="PASS" starttime="20210709 13:14:37.254" endtime="20210709 13:15:18.293"></status>
</kw>
<status status="PASS" starttime="20210709 13:14:37.254" endtime="20210709 13:15:18.294"></status>
</kw>
<kw name="Check product name and add to cart" library="pdp_page">
<arguments>
<arg>${text}</arg>
</arguments>
<kw name="Get text and compare value" library="common_web_keywords">
<arguments>
<arg>${dict_pdp_page.txt_product_name}</arg>
<arg>${product_name}</arg>
</arguments>
<assign>
<var>${result}</var>
</assign>
<kw name="Get Text Element" library="common_web_keywords">
<arguments>
<arg>${locator}</arg>
</arguments>
<assign>
<var>${text}</var>
</assign>
<kw name="Wait Until Element Is Visible" library="SeleniumLibrary">
<doc>Waits until the element ``locator`` is visible.</doc>
<arguments>
<arg>${locator}</arg>
<arg>timeout=${timeout}</arg>
</arguments>
<status status="PASS" starttime="20210709 13:15:18.300" endtime="20210709 13:15:18.574"></status>
</kw>
<kw name="Get Text" library="SeleniumLibrary">
<doc>Returns the text value of the element identified by ``locator``.</doc>
<arguments>
<arg>${locator}</arg>
</arguments>
<assign>
<var>${text}</var>
</assign>
<msg timestamp="20210709 13:15:18.858" level="INFO">${text} = ทีวี NanoCell 2020 (49",4K,Smart) รุ่น 49NANO80TNA.ATM</msg>
<status status="PASS" starttime="20210709 13:15:18.575" endtime="20210709 13:15:18.858"></status>
</kw>
<kw name="Return From Keyword" library="BuiltIn">
<doc>Returns from the enclosing user keyword.</doc>
<arguments>
<arg>${text}</arg>
</arguments>
<msg timestamp="20210709 13:15:18.860" level="INFO">Returning from the enclosing user keyword.</msg>
<status status="PASS" starttime="20210709 13:15:18.859" endtime="20210709 13:15:18.860"></status>
</kw>
<msg timestamp="20210709 13:15:18.861" level="INFO">${text} = ทีวี NanoCell 2020 (49",4K,Smart) รุ่น 49NANO80TNA.ATM</msg>
<status status="PASS" starttime="20210709 13:15:18.298" endtime="20210709 13:15:18.861"></status>
</kw>
<kw name="Return From Keyword If" library="BuiltIn">
<doc>Returns from the enclosing user keyword if ``condition`` is true.</doc>
<arguments>
<arg>'${text}' == '${text_value}'</arg>
<arg>${true}</arg>
</arguments>
<msg timestamp="20210709 13:15:18.862" level="INFO">Returning from the enclosing user keyword.</msg>
<status status="PASS" starttime="20210709 13:15:18.861" endtime="20210709 13:15:18.863"></status>
</kw>
<msg timestamp="20210709 13:15:18.863" level="INFO">${result} = True</msg>
<status status="PASS" starttime="20210709 13:15:18.296" endtime="20210709 13:15:18.864"></status>
</kw>
<kw name="Run Keyword If" library="BuiltIn">
<doc>Runs the given keyword with the given arguments, if ``condition`` is true.</doc>
<arguments>
<arg>${result}==${true}</arg>
<arg>common_web_keywords.Click Element</arg>
<arg>${dict_pdp_page.btn_add_to_cart}</arg>
<arg>ELSE</arg>
<arg>BuiltIn.Fail</arg>
<arg>Not same the expected product, refused!</arg>
</arguments>
<kw name="Click Element" library="common_web_keywords">
<arguments>
<arg>${dict_pdp_page.btn_add_to_cart}</arg>
</arguments>
<kw name="Wait Until Element Is Visible" library="SeleniumLibrary">
<doc>Waits until the element ``locator`` is visible.</doc>
<arguments>
<arg>${locator}</arg>
<arg>timeout=${timeout}</arg>
</arguments>
<status status="PASS" starttime="20210709 13:15:18.868" endtime="20210709 13:15:19.153"></status>
</kw>
<kw name="Click Element" library="SeleniumLibrary">
<doc>Click the element identified by ``locator``.</doc>
<arguments>
<arg>${locator}</arg>
</arguments>
<msg timestamp="20210709 13:15:19.155" level="INFO">Clicking element 'css=#link-brandName-productDetail+span'.</msg>
<status status="PASS" starttime="20210709 13:15:19.154" endtime="20210709 13:15:19.496"></status>
</kw>
<status status="PASS" starttime="20210709 13:15:18.866" endtime="20210709 13:15:19.497"></status>
</kw>
<status status="PASS" starttime="20210709 13:15:18.864" endtime="20210709 13:15:19.497"></status>
</kw>
<status status="PASS" starttime="20210709 13:15:18.294" endtime="20210709 13:15:19.497"></status>
</kw>
<msg timestamp="20210709 13:15:19.498" level="INFO">${product_sku_1} = ทีวี NanoCell 2020 (49",4K,Smart) รุ่น 49NANO80TNA.ATM</msg>
<status status="PASS" starttime="20210709 13:14:15.746" endtime="20210709 13:15:19.498"></status>
</kw>
<kw name="Search and add product to cart" library="common_web_keywords">
<arguments>
<arg>${search_field}</arg>
<arg>${filter2}</arg>
</arguments>
<assign>
<var>${product_sku_2}</var>
</assign>
<kw name="Search products by name and specification" library="search_page">
<arguments>
<arg>${search_field}</arg>
<arg>${size}</arg>
</arguments>
<kw name="Search desired product by name" library="common_web_keywords">
<arguments>
<arg>${name}</arg>
</arguments>
<kw name="Verify Web Element Is Visible" library="common_web_keywords">
<arguments>
<arg>${dict_common_page.search_input_box}</arg>
</arguments>
<kw name="Wait Until Page Contains Element" library="SeleniumLibrary">
<doc>Waits until the element ``locator`` appears on the current page.</doc>
<arguments>
<arg>${locator}</arg>
<arg>timeout=${GLOBALTIMEOUT}</arg>
</arguments>
<status status="PASS" starttime="20210709 13:15:19.507" endtime="20210709 13:15:19.650"></status>
</kw>
<kw name="Wait Until Element Is Visible" library="SeleniumLibrary">
<doc>Waits until the element ``locator`` is visible.</doc>
<arguments>
<arg>${locator}</arg>
<arg>timeout=${GLOBALTIMEOUT}</arg>
</arguments>
<status status="PASS" starttime="20210709 13:15:19.651" endtime="20210709 13:15:19.933"></status>
</kw>
<status status="PASS" starttime="20210709 13:15:19.505" endtime="20210709 13:15:19.934"></status>
</kw>
<kw name="Input Text" library="SeleniumLibrary">
<doc>Types the given ``text`` into the text field identified by ``locator``.</doc>
<arguments>
<arg>${dict_common_page.search_input_box}</arg>
<arg>${name}</arg>
</arguments>
<msg timestamp="20210709 13:15:19.936" level="INFO">Typing text 'TV' into text field 'xpath=(//input[@id='txt-searchBox-input'])[1]'.</msg>
<status status="PASS" starttime="20210709 13:15:19.934" endtime="20210709 13:15:20.608"></status>
</kw>
<kw name="Click Element" library="common_web_keywords">
<arguments>
<arg>${dict_common_page.search_button}</arg>
</arguments>
<kw name="Wait Until Element Is Visible" library="SeleniumLibrary">
<doc>Waits until the element ``locator`` is visible.</doc>
<arguments>
<arg>${locator}</arg>
<arg>timeout=${timeout}</arg>
</arguments>
<status status="PASS" starttime="20210709 13:15:20.609" endtime="20210709 13:15:20.861"></status>
</kw>
<kw name="Click Element" library="SeleniumLibrary">
<doc>Click the element identified by ``locator``.</doc>
<arguments>
<arg>${locator}</arg>
</arguments>
<msg timestamp="20210709 13:15:20.862" level="INFO">Clicking element 'xpath=(//button[@id='btn-searchBox-input'])[1]'.</msg>
<status status="PASS" starttime="20210709 13:15:20.861" endtime="20210709 13:15:22.302"></status>
</kw>
<status status="PASS" starttime="20210709 13:15:20.608" endtime="20210709 13:15:22.302"></status>
</kw>
<kw name="Sleep" library="BuiltIn">
<doc>Pauses the test executed for the given time.</doc>
<arguments>
<arg>4s</arg>
</arguments>
<msg timestamp="20210709 13:15:26.313" level="INFO">Slept 4 seconds</msg>
<status status="PASS" starttime="20210709 13:15:22.302" endtime="20210709 13:15:26.313"></status>
</kw>
<kw name="Verify Web Element Is Visible" library="common_web_keywords">
<arguments>
<arg>${dict_common_page.prod_tag}</arg>
</arguments>
<kw name="Wait Until Page Contains Element" library="SeleniumLibrary">
<doc>Waits until the element ``locator`` appears on the current page.</doc>
<arguments>
<arg>${locator}</arg>
<arg>timeout=${GLOBALTIMEOUT}</arg>
</arguments>
<status status="PASS" starttime="20210709 13:15:26.314" endtime="20210709 13:15:26.453"></status>
</kw>
<kw name="Wait Until Element Is Visible" library="SeleniumLibrary">
<doc>Waits until the element ``locator`` is visible.</doc>
<arguments>
<arg>${locator}</arg>
<arg>timeout=${GLOBALTIMEOUT}</arg>
</arguments>
<status status="PASS" starttime="20210709 13:15:26.453" endtime="20210709 13:15:26.719"></status>
</kw>
<status status="PASS" starttime="20210709 13:15:26.313" endtime="20210709 13:15:26.719"></status>
</kw>
<kw name="Format String" library="String">
<doc>Formats a ``template`` using the given ``positional`` and ``named`` arguments.</doc>
<arguments>
<arg>${result_text}</arg>
<arg>text=${name}</arg>
</arguments>
<assign>
<var>${expected_text}</var>
</assign>
<msg timestamp="20210709 13:15:26.720" level="INFO">${expected_text} = ผลการค้นหาสำหรับ "TV"</msg>
<status status="PASS" starttime="20210709 13:15:26.719" endtime="20210709 13:15:26.720"></status>
</kw>
<kw name="Get text and compare value" library="common_web_keywords">
<arguments>
<arg>${dict_common_page.search_result_text}</arg>
<arg>${expected_text}</arg>
</arguments>
<assign>
<var>${result}</var>
</assign>
<kw name="Get Text Element" library="common_web_keywords">
<arguments>
<arg>${locator}</arg>
</arguments>
<assign>
<var>${text}</var>
</assign>
<kw name="Wait Until Element Is Visible" library="SeleniumLibrary">
<doc>Waits until the element ``locator`` is visible.</doc>
<arguments>
<arg>${locator}</arg>
<arg>timeout=${timeout}</arg>
</arguments>
<status status="PASS" starttime="20210709 13:15:26.721" endtime="20210709 13:15:26.965"></status>
</kw>
<kw name="Get Text" library="SeleniumLibrary">
<doc>Returns the text value of the element identified by ``locator``.</doc>
<arguments>
<arg>${locator}</arg>
</arguments>
<assign>
<var>${text}</var>
</assign>
<msg timestamp="20210709 13:15:27.247" level="INFO">${text} = ผลการค้นหาสำหรับ "TV"</msg>
<status status="PASS" starttime="20210709 13:15:26.965" endtime="20210709 13:15:27.248"></status>
</kw>
<kw name="Return From Keyword" library="BuiltIn">
<doc>Returns from the enclosing user keyword.</doc>
<arguments>
<arg>${text}</arg>
</arguments>
<msg timestamp="20210709 13:15:27.248" level="INFO">Returning from the enclosing user keyword.</msg>
<status status="PASS" starttime="20210709 13:15:27.248" endtime="20210709 13:15:27.249"></status>
</kw>
<msg timestamp="20210709 13:15:27.249" level="INFO">${text} = ผลการค้นหาสำหรับ "TV"</msg>
<status status="PASS" starttime="20210709 13:15:26.721" endtime="20210709 13:15:27.249"></status>
</kw>
<kw name="Return From Keyword If" library="BuiltIn">
<doc>Returns from the enclosing user keyword if ``condition`` is true.</doc>
<arguments>
<arg>'${text}' == '${text_value}'</arg>
<arg>${true}</arg>
</arguments>
<msg timestamp="20210709 13:15:27.250" level="INFO">Returning from the enclosing user keyword.</msg>
<status status="PASS" starttime="20210709 13:15:27.250" endtime="20210709 13:15:27.251"></status>
</kw>
<msg timestamp="20210709 13:15:27.251" level="INFO">${result} = True</msg>
<status status="PASS" starttime="20210709 13:15:26.720" endtime="20210709 13:15:27.251"></status>
</kw>
<kw name="Run Keyword If" library="BuiltIn">
<doc>Runs the given keyword with the given arguments, if ``condition`` is true.</doc>
<arguments>
<arg>${result} == ${true}</arg>
<arg>BuiltIn.Log</arg>
<arg>Success to search products by text name</arg>
<arg>ELSE</arg>
<arg>BuiltIn.Fail</arg>
<arg>Fail to search products by text name</arg>
</arguments>
<kw name="Log" library="BuiltIn">
<doc>Logs the given message with the given level.</doc>
<arguments>
<arg>Success to search products by text name</arg>
</arguments>
<msg timestamp="20210709 13:15:27.253" level="INFO">Success to search products by text name</msg>
<status status="PASS" starttime="20210709 13:15:27.253" endtime="20210709 13:15:27.253"></status>
</kw>
<status status="PASS" starttime="20210709 13:15:27.252" endtime="20210709 13:15:27.253"></status>
</kw>
<status status="PASS" starttime="20210709 13:15:19.503" endtime="20210709 13:15:27.254"></status>
</kw>
<kw name="Select filter follow option" library="search_page">
<arguments>
<arg>${specification}</arg>
</arguments>
<kw name="Format String" library="String">
<doc>Formats a ``template`` using the given ``positional`` and ``named`` arguments.</doc>
<arguments>
<arg>${dict_search_page.screen_size_opt}</arg>
<arg>title_name=${screen_size_title}</arg>
</arguments>
<assign>
<var>${screen_size_filter}</var>
</assign>
<msg timestamp="20210709 13:15:27.256" level="INFO">${screen_size_filter} = css=div[title='ช่วงขนาดหน้าจอ (นิ้ว)']</msg>
<status status="PASS" starttime="20210709 13:15:27.255" endtime="20210709 13:15:27.256"></status>
</kw>
<kw name="Format String" library="String">
<doc>Formats a ``template`` using the given ``positional`` and ``named`` arguments.</doc>
<arguments>
<arg>${dict_search_page.opt_size_option}</arg>
<arg>size_inch=${size}</arg>
</arguments>
<assign>
<var>${opt_locator}</var>
</assign>
<msg timestamp="20210709 13:15:27.258" level="INFO">${opt_locator} = xpath=//div[contains(@class,'Padding') and text() = '32 - 43 นิ้ว']//parent::div[contains(@class,'Col__Column')]//parent::div[contains(@class,'Row__Wrapper')]/div[1]/div[contains(@class,'Checkbox')]</msg>
<status status="PASS" starttime="20210709 13:15:27.257" endtime="20210709 13:15:27.258"></status>
</kw>
<kw name="Scroll To Element" library="common_web_keywords">
<arguments>
<arg>${screen_size_filter}</arg>
</arguments>
<kw name="Scroll Element Into View" library="SeleniumLibrary">
<doc>Scrolls the element identified by ``locator`` into view.</doc>
<arguments>
<arg>${locator}</arg>
</arguments>
<status status="PASS" starttime="20210709 13:15:27.259" endtime="20210709 13:15:27.777"></status>
</kw>
<status status="PASS" starttime="20210709 13:15:27.258" endtime="20210709 13:15:27.777"></status>
</kw>
<kw name="Click Element" library="common_web_keywords">
<arguments>
<arg>${opt_locator}</arg>
</arguments>
<kw name="Wait Until Element Is Visible" library="SeleniumLibrary">
<doc>Waits until the element ``locator`` is visible.</doc>
<arguments>
<arg>${locator}</arg>
<arg>timeout=${timeout}</arg>
</arguments>
<status status="PASS" starttime="20210709 13:15:27.778" endtime="20210709 13:15:28.059"></status>
</kw>
<kw name="Click Element" library="SeleniumLibrary">
<doc>Click the element identified by ``locator``.</doc>
<arguments>
<arg>${locator}</arg>
</arguments>
<msg timestamp="20210709 13:15:28.059" level="INFO">Clicking element 'xpath=//div[contains(@class,'Padding') and text() = '32 - 43 นิ้ว']//parent::div[contains(@class,'Col__Column')]//parent::div[contains(@class,'Row__Wrapper')]/div[1]/div[contains(@class,'Checkbox')]'.</msg>
<status status="PASS" starttime="20210709 13:15:28.059" endtime="20210709 13:15:28.655"></status>
</kw>
<status status="PASS" starttime="20210709 13:15:27.777" endtime="20210709 13:15:28.656"></status>
</kw>
<status status="PASS" starttime="20210709 13:15:27.254" endtime="20210709 13:15:28.656"></status>
</kw>
<kw name="Sleep" library="BuiltIn">
<doc>Pauses the test executed for the given time.</doc>
<arguments>
<arg>5s</arg>
</arguments>
<msg timestamp="20210709 13:15:33.671" level="INFO">Slept 5 seconds</msg>
<status status="PASS" starttime="20210709 13:15:28.656" endtime="20210709 13:15:33.671"></status>
</kw>
<status status="PASS" starttime="20210709 13:15:19.502" endtime="20210709 13:15:33.672"></status>
</kw>
<kw name="Click particular product with SKU" library="search_page">
<assign>
<var>${text}</var>
</assign>
<kw name="Get sku from search result" library="search_page">
<assign>
<var>${sku}</var>
</assign>
<kw name="Verify Web Element Is Visible" library="common_web_keywords">
<arguments>
<arg>${dict_search_page.product_container}</arg>
</arguments>
<kw name="Wait Until Page Contains Element" library="SeleniumLibrary">
<doc>Waits until the element ``locator`` appears on the current page.</doc>
<arguments>
<arg>${locator}</arg>
<arg>timeout=${GLOBALTIMEOUT}</arg>
</arguments>
<status status="PASS" starttime="20210709 13:15:33.675" endtime="20210709 13:15:33.842"></status>
</kw>
<kw name="Wait Until Element Is Visible" library="SeleniumLibrary">
<doc>Waits until the element ``locator`` is visible.</doc>
<arguments>
<arg>${locator}</arg>
<arg>timeout=${GLOBALTIMEOUT}</arg>
</arguments>
<status status="PASS" starttime="20210709 13:15:33.843" endtime="20210709 13:15:34.108"></status>
</kw>
<status status="PASS" starttime="20210709 13:15:33.674" endtime="20210709 13:15:34.109"></status>
</kw>
<kw name="Get WebElements" library="SeleniumLibrary">
<doc>Returns a list of WebElement objects matching the ``locator``.</doc>
<arguments>
<arg>${dict_search_page.product_container}</arg>
</arguments>
<assign>
<var>${sku_lst}</var>
</assign>
<msg timestamp="20210709 13:15:34.247" level="INFO">${sku_lst} = [&lt;selenium.webdriver.remote.webelement.WebElement (session="7426acc182bd305be0af4a10572806ee", element="730c9baf-cda7-40cf-8307-f6d8fd734fa0")&gt;, &lt;selenium.webdriver.remote.webelement.WebElement (sessi...</msg>
<status status="PASS" starttime="20210709 13:15:34.109" endtime="20210709 13:15:34.247"></status>
</kw>
<kw name="Get Element Attribute" library="SeleniumLibrary">
<doc>Returns the value of ``attribute`` from the element ``locator``.</doc>
<arguments>
<arg>${sku_lst}[0]</arg>
<arg>data-productid</arg>
</arguments>
<assign>
<var>${sku}</var>
</assign>
<msg timestamp="20210709 13:15:34.372" level="INFO">${sku} = 261087</msg>
<status status="PASS" starttime="20210709 13:15:34.247" endtime="20210709 13:15:34.372"></status>
</kw>
<msg timestamp="20210709 13:15:34.373" level="INFO">${sku} = 261087</msg>
<status status="PASS" starttime="20210709 13:15:33.673" endtime="20210709 13:15:34.373"></status>
</kw>
<kw name="Format String" library="String">
<doc>Formats a ``template`` using the given ``positional`` and ``named`` arguments.</doc>
<arguments>
<arg>${dict_search_page.target_product}</arg>
<arg>sku=${sku}</arg>
</arguments>
<assign>
<var>${product_name_locator}</var>
</assign>
<msg timestamp="20210709 13:15:34.374" level="INFO">${product_name_locator} = css=div[data-productid='261087']</msg>
<status status="PASS" starttime="20210709 13:15:34.373" endtime="20210709 13:15:34.374"></status>
</kw>
<kw name="Format String" library="String">
<doc>Formats a ``template`` using the given ``positional`` and ``named`` arguments.</doc>
<arguments>
<arg>${dict_search_page.target_product_name}</arg>
<arg>sku=${sku}</arg>
</arguments>
<assign>
<var>${product_name_locator}</var>
</assign>
<msg timestamp="20210709 13:15:34.375" level="INFO">${product_name_locator} = css=div[data-productid='261087'] a:last-child span</msg>
<status status="PASS" starttime="20210709 13:15:34.374" endtime="20210709 13:15:34.375"></status>
</kw>
<kw name="Get Text Element" library="common_web_keywords">
<arguments>
<arg>${product_name_locator}</arg>
</arguments>
<assign>
<var>${name}</var>
</assign>
<kw name="Wait Until Element Is Visible" library="SeleniumLibrary">
<doc>Waits until the element ``locator`` is visible.</doc>
<arguments>
<arg>${locator}</arg>
<arg>timeout=${timeout}</arg>
</arguments>
<status status="PASS" starttime="20210709 13:15:34.376" endtime="20210709 13:15:34.653"></status>
</kw>
<kw name="Get Text" library="SeleniumLibrary">
<doc>Returns the text value of the element identified by ``locator``.</doc>
<arguments>
<arg>${locator}</arg>
</arguments>
<assign>
<var>${text}</var>
</assign>
<msg timestamp="20210709 13:15:34.920" level="INFO">${text} = ทีวี UHD LED (43", 4K, Android) รุ่น TH-43HX600T</msg>
<status status="PASS" starttime="20210709 13:15:34.653" endtime="20210709 13:15:34.920"></status>
</kw>
<kw name="Return From Keyword" library="BuiltIn">
<doc>Returns from the enclosing user keyword.</doc>
<arguments>
<arg>${text}</arg>
</arguments>
<msg timestamp="20210709 13:15:34.921" level="INFO">Returning from the enclosing user keyword.</msg>
<status status="PASS" starttime="20210709 13:15:34.921" endtime="20210709 13:15:34.921"></status>
</kw>
<msg timestamp="20210709 13:15:34.922" level="INFO">${name} = ทีวี UHD LED (43", 4K, Android) รุ่น TH-43HX600T</msg>
<status status="PASS" starttime="20210709 13:15:34.375" endtime="20210709 13:15:34.922"></status>
</kw>
<kw name="Scroll Down And Wait To Get Available Element" library="common_web_keywords">
<arguments>
<arg>${product_name_locator}</arg>
</arguments>
<kw name="Set Variable" library="BuiltIn">
<doc>Returns the given values which can then be assigned to a variables.</doc>
<arguments>
<arg>${11}</arg>
</arguments>
<assign>
<var>${section}</var>
</assign>
<msg timestamp="20210709 13:15:34.925" level="INFO">${section} = 11</msg>
<status status="PASS" starttime="20210709 13:15:34.923" endtime="20210709 13:15:34.925"></status>
</kw>
<kw name="Get Element Size" library="SeleniumLibrary">
<doc>Returns width and height of the element identified by ``locator``.</doc>
<arguments>
<arg>${dict_common_page.entire_page}</arg>
</arguments>
<assign>
<var>${page_height}</var>
</assign>
<msg timestamp="20210709 13:15:35.311" level="INFO">${page_height} = (1903, 7428)</msg>
<status status="PASS" starttime="20210709 13:15:34.925" endtime="20210709 13:15:35.311"></status>
</kw>
<kw name="Set Variable" library="BuiltIn">
<doc>Returns the given values which can then be assigned to a variables.</doc>
<arguments>
<arg>${page_height}[1]</arg>
</arguments>
<assign>
<var>${page_height}</var>
</assign>
<msg timestamp="20210709 13:15:35.312" level="INFO">${page_height} = 7428</msg>
<status status="PASS" starttime="20210709 13:15:35.312" endtime="20210709 13:15:35.312"></status>
</kw>
<kw name="Evaluate" library="BuiltIn">
<doc>Evaluates the given expression in Python and returns the result.</doc>
<arguments>
<arg>'${page_height}/${section}'</arg>
</arguments>
<assign>
<var>${scroll_length}</var>
</assign>
<msg timestamp="20210709 13:15:35.314" level="INFO">${scroll_length} = 7428/11</msg>
<status status="PASS" starttime="20210709 13:15:35.313" endtime="20210709 13:15:35.314"></status>
</kw>
<kw name="${index} IN RANGE [ ${section} ]" type="for">
<kw name="${index} = 0" type="foritem">
<kw name="Execute Javascript" library="SeleniumLibrary">
<doc>Executes the given JavaScript code with possible arguments.</doc>
<arguments>
<arg>window.scrollTo(0,${${scroll_length}*${index}})</arg>
</arguments>
<msg timestamp="20210709 13:15:35.316" level="INFO">Executing JavaScript:
window.scrollTo(0,0.0)
Without any arguments.</msg>
<status status="PASS" starttime="20210709 13:15:35.315" endtime="20210709 13:15:35.453"></status>
</kw>
<kw name="Run Keyword And Return Status" library="BuiltIn">
<doc>Runs the given keyword with given arguments and returns the status as a Boolean value.</doc>
<arguments>
<arg>SeleniumLibrary.Wait Until Element Is Visible</arg>
<arg>${locator}</arg>
<arg>timeout=10</arg>
</arguments>
<assign>
<var>${status}</var>
</assign>
<kw name="Wait Until Element Is Visible" library="SeleniumLibrary">
<doc>Waits until the element ``locator`` is visible.</doc>
<arguments>
<arg>${locator}</arg>
<arg>timeout=10</arg>
</arguments>
<status status="PASS" starttime="20210709 13:15:35.453" endtime="20210709 13:15:35.687"></status>
</kw>
<msg timestamp="20210709 13:15:35.687" level="INFO">${status} = True</msg>
<status status="PASS" starttime="20210709 13:15:35.453" endtime="20210709 13:15:35.687"></status>
</kw>
<kw name="Return From Keyword If" library="BuiltIn">
<doc>Returns from the enclosing user keyword if ``condition`` is true.</doc>
<arguments>
<arg>'${status}' == '${true}'</arg>
</arguments>
<msg timestamp="20210709 13:15:35.689" level="INFO">Returning from the enclosing user keyword.</msg>
<status status="PASS" starttime="20210709 13:15:35.688" endtime="20210709 13:15:35.689"></status>
</kw>
<status status="PASS" starttime="20210709 13:15:35.314" endtime="20210709 13:15:35.689"></status>
</kw>
<status status="PASS" starttime="20210709 13:15:35.314" endtime="20210709 13:15:35.689"></status>
</kw>
<status status="PASS" starttime="20210709 13:15:34.922" endtime="20210709 13:15:35.690"></status>
</kw>
<kw name="Sleep" library="BuiltIn">
<doc>Pauses the test executed for the given time.</doc>
<arguments>
<arg>5s</arg>
</arguments>
<msg timestamp="20210709 13:15:40.705" level="INFO">Slept 5 seconds</msg>
<status status="PASS" starttime="20210709 13:15:35.690" endtime="20210709 13:15:40.705"></status>
</kw>
<kw name="Click Element" library="common_web_keywords">
<arguments>
<arg>${product_name_locator}</arg>
</arguments>
<kw name="Wait Until Element Is Visible" library="SeleniumLibrary">
<doc>Waits until the element ``locator`` is visible.</doc>
<arguments>
<arg>${locator}</arg>
<arg>timeout=${timeout}</arg>
</arguments>
<status status="PASS" starttime="20210709 13:15:40.708" endtime="20210709 13:15:40.970"></status>
</kw>
<kw name="Click Element" library="SeleniumLibrary">
<doc>Click the element identified by ``locator``.</doc>
<arguments>
<arg>${locator}</arg>
</arguments>
<msg timestamp="20210709 13:15:40.971" level="INFO">Clicking element 'css=div[data-productid='261087'] a:last-child span'.</msg>
<status status="PASS" starttime="20210709 13:15:40.970" endtime="20210709 13:15:41.456"></status>
</kw>
<status status="PASS" starttime="20210709 13:15:40.706" endtime="20210709 13:15:41.456"></status>
</kw>
<kw name="Return From Keyword" library="BuiltIn">
<doc>Returns from the enclosing user keyword.</doc>
<arguments>
<arg>${name}</arg>
</arguments>
<msg timestamp="20210709 13:15:41.456" level="INFO">Returning from the enclosing user keyword.</msg>
<status status="PASS" starttime="20210709 13:15:41.456" endtime="20210709 13:15:41.457"></status>
</kw>
<msg timestamp="20210709 13:15:41.457" level="INFO">${text} = ทีวี UHD LED (43", 4K, Android) รุ่น TH-43HX600T</msg>
<status status="PASS" starttime="20210709 13:15:33.672" endtime="20210709 13:15:41.457"></status>
</kw>
<kw name="Close popup" library="common_web_keywords">
<kw name="Run Keyword And Ignore Error" library="BuiltIn">
<doc>Runs the given keyword with the given arguments and ignores possible error.</doc>
<arguments>
<arg>Switch iframe and click</arg>
</arguments>
<kw name="Switch iframe and click" library="common_web_keywords">
<kw name="Verify Web Element Is Visible" library="common_web_keywords">
<arguments>
<arg>${dict_common_page.iframe_target}</arg>
</arguments>
<kw name="Wait Until Page Contains Element" library="SeleniumLibrary">
<doc>Waits until the element ``locator`` appears on the current page.</doc>
<arguments>
<arg>${locator}</arg>
<arg>timeout=${GLOBALTIMEOUT}</arg>
</arguments>
<kw name="Capture Page Screenshot" library="SeleniumLibrary">
<doc>Takes a screenshot of the current page and embeds it into a log file.</doc>
<msg timestamp="20210709 13:16:12.143" level="INFO" html="yes">&lt;/td&gt;&lt;/tr&gt;&lt;tr&gt;&lt;td colspan="3"&gt;&lt;a href="selenium-screenshot-26.png"&gt;&lt;img src="selenium-screenshot-26.png" width="800px"&gt;&lt;/a&gt;</msg>
<status status="PASS" starttime="20210709 13:16:11.769" endtime="20210709 13:16:12.143"></status>
</kw>
<msg timestamp="20210709 13:16:12.145" level="FAIL">Element 'css=div[classname="sp-fancybox-wrap sp-fancybox-wrap-2405 sp-advanced-css-2405"] iframe[classname="sp-fancybox-iframe sp-fancybox-skin sp-fancybox-iframe-2405"]' did not appear in 30 seconds.</msg>
<status status="FAIL" starttime="20210709 13:15:41.458" endtime="20210709 13:16:12.145"></status>
</kw>
<status status="FAIL" starttime="20210709 13:15:41.458" endtime="20210709 13:16:12.145"></status>
</kw>
<status status="FAIL" starttime="20210709 13:15:41.457" endtime="20210709 13:16:12.146"></status>
</kw>
<status status="PASS" starttime="20210709 13:15:41.457" endtime="20210709 13:16:12.146"></status>
</kw>
<status status="PASS" starttime="20210709 13:15:41.457" endtime="20210709 13:16:12.146"></status>
</kw>
<kw name="Check product name and add to cart" library="pdp_page">
<arguments>
<arg>${text}</arg>
</arguments>
<kw name="Get text and compare value" library="common_web_keywords">
<arguments>
<arg>${dict_pdp_page.txt_product_name}</arg>
<arg>${product_name}</arg>
</arguments>
<assign>
<var>${result}</var>
</assign>
<kw name="Get Text Element" library="common_web_keywords">
<arguments>
<arg>${locator}</arg>
</arguments>
<assign>
<var>${text}</var>
</assign>
<kw name="Wait Until Element Is Visible" library="SeleniumLibrary">
<doc>Waits until the element ``locator`` is visible.</doc>
<arguments>
<arg>${locator}</arg>
<arg>timeout=${timeout}</arg>
</arguments>
<status status="PASS" starttime="20210709 13:16:12.150" endtime="20210709 13:16:12.427"></status>
</kw>
<kw name="Get Text" library="SeleniumLibrary">
<doc>Returns the text value of the element identified by ``locator``.</doc>
<arguments>
<arg>${locator}</arg>
</arguments>
<assign>
<var>${text}</var>
</assign>
<msg timestamp="20210709 13:16:12.692" level="INFO">${text} = ทีวี UHD LED (43", 4K, Android) รุ่น TH-43HX600T</msg>
<status status="PASS" starttime="20210709 13:16:12.427" endtime="20210709 13:16:12.692"></status>
</kw>
<kw name="Return From Keyword" library="BuiltIn">
<doc>Returns from the enclosing user keyword.</doc>
<arguments>
<arg>${text}</arg>
</arguments>
<msg timestamp="20210709 13:16:12.693" level="INFO">Returning from the enclosing user keyword.</msg>
<status status="PASS" starttime="20210709 13:16:12.693" endtime="20210709 13:16:12.694"></status>
</kw>
<msg timestamp="20210709 13:16:12.694" level="INFO">${text} = ทีวี UHD LED (43", 4K, Android) รุ่น TH-43HX600T</msg>
<status status="PASS" starttime="20210709 13:16:12.149" endtime="20210709 13:16:12.695"></status>
</kw>
<kw name="Return From Keyword If" library="BuiltIn">
<doc>Returns from the enclosing user keyword if ``condition`` is true.</doc>
<arguments>
<arg>'${text}' == '${text_value}'</arg>
<arg>${true}</arg>
</arguments>
<msg timestamp="20210709 13:16:12.696" level="INFO">Returning from the enclosing user keyword.</msg>
<status status="PASS" starttime="20210709 13:16:12.695" endtime="20210709 13:16:12.696"></status>
</kw>
<msg timestamp="20210709 13:16:12.697" level="INFO">${result} = True</msg>
<status status="PASS" starttime="20210709 13:16:12.147" endtime="20210709 13:16:12.697"></status>
</kw>
<kw name="Run Keyword If" library="BuiltIn">
<doc>Runs the given keyword with the given arguments, if ``condition`` is true.</doc>
<arguments>
<arg>${result}==${true}</arg>
<arg>common_web_keywords.Click Element</arg>
<arg>${dict_pdp_page.btn_add_to_cart}</arg>
<arg>ELSE</arg>
<arg>BuiltIn.Fail</arg>
<arg>Not same the expected product, refused!</arg>
</arguments>
<kw name="Click Element" library="common_web_keywords">
<arguments>
<arg>${dict_pdp_page.btn_add_to_cart}</arg>
</arguments>
<kw name="Wait Until Element Is Visible" library="SeleniumLibrary">
<doc>Waits until the element ``locator`` is visible.</doc>
<arguments>
<arg>${locator}</arg>
<arg>timeout=${timeout}</arg>
</arguments>
<status status="PASS" starttime="20210709 13:16:12.700" endtime="20210709 13:16:13.007"></status>
</kw>
<kw name="Click Element" library="SeleniumLibrary">
<doc>Click the element identified by ``locator``.</doc>
<arguments>
<arg>${locator}</arg>
</arguments>
<msg timestamp="20210709 13:16:13.008" level="INFO">Clicking element 'css=#link-brandName-productDetail+span'.</msg>
<status status="PASS" starttime="20210709 13:16:13.008" endtime="20210709 13:16:13.320"></status>
</kw>
<status status="PASS" starttime="20210709 13:16:12.699" endtime="20210709 13:16:13.320"></status>
</kw>
<status status="PASS" starttime="20210709 13:16:12.697" endtime="20210709 13:16:13.321"></status>
</kw>
<status status="PASS" starttime="20210709 13:16:12.146" endtime="20210709 13:16:13.321"></status>
</kw>
<msg timestamp="20210709 13:16:13.321" level="INFO">${product_sku_2} = ทีวี UHD LED (43", 4K, Android) รุ่น TH-43HX600T</msg>
<status status="PASS" starttime="20210709 13:15:19.500" endtime="20210709 13:16:13.322"></status>
</kw>
<kw name="Click to shopping cart" library="common_web_keywords">
<kw name="Sleep" library="BuiltIn">
<doc>Pauses the test executed for the given time.</doc>
<arguments>
<arg>5s</arg>
</arguments>
<msg timestamp="20210709 13:16:18.335" level="INFO">Slept 5 seconds</msg>
<status status="PASS" starttime="20210709 13:16:13.324" endtime="20210709 13:16:18.335"></status>
</kw>
<kw name="Get Text Element" library="common_web_keywords">
<arguments>
<arg>${dict_common_page.shopping_cart_number}</arg>
</arguments>
<assign>
<var>${text}</var>
</assign>
<kw name="Wait Until Element Is Visible" library="SeleniumLibrary">
<doc>Waits until the element ``locator`` is visible.</doc>
<arguments>
<arg>${locator}</arg>
<arg>timeout=${timeout}</arg>
</arguments>
<status status="PASS" starttime="20210709 13:16:18.337" endtime="20210709 13:16:18.602"></status>
</kw>
<kw name="Get Text" library="SeleniumLibrary">
<doc>Returns the text value of the element identified by ``locator``.</doc>
<arguments>
<arg>${locator}</arg>
</arguments>
<assign>
<var>${text}</var>
</assign>
<msg timestamp="20210709 13:16:18.869" level="INFO">${text} = 2</msg>
<status status="PASS" starttime="20210709 13:16:18.602" endtime="20210709 13:16:18.869"></status>
</kw>
<kw name="Return From Keyword" library="BuiltIn">
<doc>Returns from the enclosing user keyword.</doc>
<arguments>
<arg>${text}</arg>
</arguments>
<msg timestamp="20210709 13:16:18.870" level="INFO">Returning from the enclosing user keyword.</msg>
<status status="PASS" starttime="20210709 13:16:18.870" endtime="20210709 13:16:18.870"></status>
</kw>
<msg timestamp="20210709 13:16:18.871" level="INFO">${text} = 2</msg>
<status status="PASS" starttime="20210709 13:16:18.336" endtime="20210709 13:16:18.871"></status>
</kw>
<kw name="Log" library="BuiltIn">
<doc>Logs the given message with the given level.</doc>
<arguments>
<arg>Number of product right now in shopping cart is ${text}</arg>
</arguments>
<msg timestamp="20210709 13:16:18.872" level="INFO">Number of product right now in shopping cart is 2</msg>
<status status="PASS" starttime="20210709 13:16:18.871" endtime="20210709 13:16:18.872"></status>
</kw>
<kw name="Click Element" library="common_web_keywords">
<arguments>
<arg>${dict_common_page.shopping_cart_icon}</arg>
</arguments>
<kw name="Wait Until Element Is Visible" library="SeleniumLibrary">
<doc>Waits until the element ``locator`` is visible.</doc>
<arguments>
<arg>${locator}</arg>
<arg>timeout=${timeout}</arg>
</arguments>
<status status="PASS" starttime="20210709 13:16:18.874" endtime="20210709 13:16:19.146"></status>
</kw>
<kw name="Click Element" library="SeleniumLibrary">
<doc>Click the element identified by ``locator``.</doc>
<arguments>
<arg>${locator}</arg>
</arguments>
<msg timestamp="20210709 13:16:19.147" level="INFO">Clicking element 'css=div[class='MainHeader__MiniCartContainer-cOzool KbPez'] a[id=btn-openMiniCart]'.</msg>
<status status="PASS" starttime="20210709 13:16:19.146" endtime="20210709 13:16:20.151"></status>
</kw>
<status status="PASS" starttime="20210709 13:16:18.872" endtime="20210709 13:16:20.151"></status>
</kw>
<status status="PASS" starttime="20210709 13:16:13.323" endtime="20210709 13:16:20.152"></status>
</kw>
<tags>
<tag>filters</tag>
<tag>pdp_page</tag>
</tags>
<status status="PASS" starttime="20210709 13:13:51.262" endtime="20210709 13:16:20.154" critical="yes"></status>
</test>
<status status="PASS" starttime="20210709 13:13:50.774" endtime="20210709 13:16:20.159"></status>
</suite>
<status status="PASS" starttime="20210709 13:13:50.771" endtime="20210709 13:16:20.169"></status>
</suite>
<status status="PASS" starttime="20210709 13:13:50.752" endtime="20210709 13:16:20.177"></status>
</suite>
<statistics>
<total>
<stat pass="1" fail="0">Critical Tests</stat>
<stat pass="1" fail="0">All Tests</stat>
</total>
<tag>
<stat pass="1" fail="0">filters</stat>
<stat pass="1" fail="0">pdp_page</stat>
</tag>
<suite>
<stat pass="1" fail="0" id="s1" name="Testcases">Testcases</stat>
<stat pass="1" fail="0" id="s1-s1" name="Pdp Page">Testcases.Pdp Page</stat>
<stat pass="1" fail="0" id="s1-s1-s1" name="Filters">Testcases.Pdp Page.Filters</stat>
</suite>
</statistics>
<errors>
</errors>
</robot>
